{"contracts/ScamICO.sol":{"l":{"25":1,"26":1,"27":1,"28":1,"32":2,"33":2,"34":2,"35":1,"36":1,"37":1,"39":2,"43":1,"49":3,"50":1,"51":1,"52":1},"path":"/Users/admin/Projects/Scam-Token-ICO/contracts/ScamICO.sol","s":{"1":1,"2":1,"3":1,"4":1,"5":2,"6":2,"7":2,"8":1,"9":1,"10":1,"11":2,"12":3,"13":1,"14":1},"b":{"1":[2,0],"2":[1,1],"3":[1,2]},"f":{"1":1,"2":2,"3":1,"4":3},"fnMap":{"1":{"name":null,"line":24,"loc":{"start":{"line":24,"column":4},"end":{"line":24,"column":82}}},"2":{"name":"invest","line":31,"loc":{"start":{"line":31,"column":4},"end":{"line":31,"column":37}}},"3":{"name":"withdrawFunds","line":42,"loc":{"start":{"line":42,"column":4},"end":{"line":42,"column":45}}},"4":{"name":"withdrawSCM","line":46,"loc":{"start":{"line":46,"column":4},"end":{"line":48,"column":5}}}},"statementMap":{"1":{"start":{"line":25,"column":8},"end":{"line":25,"column":25}},"2":{"start":{"line":26,"column":8},"end":{"line":26,"column":27}},"3":{"start":{"line":27,"column":8},"end":{"line":27,"column":29}},"4":{"start":{"line":28,"column":8},"end":{"line":28,"column":37}},"5":{"start":{"line":32,"column":8},"end":{"line":32,"column":82}},"6":{"start":{"line":33,"column":8},"end":{"line":33,"column":48}},"7":{"start":{"line":34,"column":8},"end":{"line":34,"column":886}},"8":{"start":{"line":35,"column":12},"end":{"line":35,"column":23}},"9":{"start":{"line":36,"column":12},"end":{"line":36,"column":24}},"10":{"start":{"line":37,"column":12},"end":{"line":37,"column":58}},"11":{"start":{"line":39,"column":8},"end":{"line":39,"column":74}},"12":{"start":{"line":49,"column":8},"end":{"line":49,"column":50}},"13":{"start":{"line":50,"column":8},"end":{"line":50,"column":47}},"14":{"start":{"line":51,"column":8},"end":{"line":51,"column":33}}},"branchMap":{"1":{"line":32,"type":"if","locations":[{"start":{"line":32,"column":8},"end":{"line":32,"column":8}},{"start":{"line":32,"column":8},"end":{"line":32,"column":8}}]},"2":{"line":34,"type":"if","locations":[{"start":{"line":34,"column":8},"end":{"line":34,"column":8}},{"start":{"line":34,"column":8},"end":{"line":34,"column":8}}]},"3":{"line":49,"type":"if","locations":[{"start":{"line":49,"column":8},"end":{"line":49,"column":8}},{"start":{"line":49,"column":8},"end":{"line":49,"column":8}}]}}},"contracts/ScamToken.sol":{"l":{"26":1,"27":1,"31":1,"32":1,"33":1,"34":1,"35":1,"36":1,"40":0,"46":1,"50":1,"54":2,"58":2,"59":1,"60":1,"61":1,"62":1,"66":1,"67":1,"68":1,"72":1,"73":1,"74":1,"75":1,"76":1,"80":1,"89":1,"90":1,"91":1,"92":1},"path":"/Users/admin/Projects/Scam-Token-ICO/contracts/ScamToken.sol","s":{"1":1,"2":1,"3":1,"4":1,"5":1,"6":1,"7":1,"8":0,"9":1,"10":1,"11":2,"12":2,"13":1,"14":1,"15":1,"16":1,"17":1,"18":1,"19":1,"20":1,"21":1,"22":1,"23":1,"24":1,"25":1,"26":1,"27":1,"28":1,"29":1},"b":{"1":[1,0],"2":[1,1],"3":[1,0]},"f":{"1":1,"2":1,"3":0,"4":1,"5":1,"6":2,"7":2,"8":1,"9":1,"10":1,"11":1},"fnMap":{"1":{"name":"onlyCreator","line":24,"loc":{"start":{"line":24,"column":4},"end":{"line":24,"column":24}}},"2":{"name":null,"line":30,"loc":{"start":{"line":30,"column":4},"end":{"line":30,"column":22}}},"3":{"name":null,"line":39,"loc":{"start":{"line":39,"column":4},"end":{"line":39,"column":28}}},"4":{"name":"setMinter","line":45,"loc":{"start":{"line":45,"column":4},"end":{"line":45,"column":60}}},"5":{"name":"totalSupply","line":49,"loc":{"start":{"line":49,"column":4},"end":{"line":49,"column":55}}},"6":{"name":"balanceOf","line":53,"loc":{"start":{"line":53,"column":4},"end":{"line":53,"column":79}}},"7":{"name":"transfer","line":57,"loc":{"start":{"line":57,"column":4},"end":{"line":57,"column":74}}},"8":{"name":"approve","line":65,"loc":{"start":{"line":65,"column":4},"end":{"line":65,"column":78}}},"9":{"name":"transferFrom","line":71,"loc":{"start":{"line":71,"column":4},"end":{"line":71,"column":92}}},"10":{"name":"allowance","line":79,"loc":{"start":{"line":79,"column":4},"end":{"line":79,"column":98}}},"11":{"name":"mint","line":85,"loc":{"start":{"line":85,"column":4},"end":{"line":87,"column":5}}}},"statementMap":{"1":{"start":{"line":26,"column":8},"end":{"line":26,"column":37}},"2":{"start":{"line":31,"column":8},"end":{"line":31,"column":21}},"3":{"start":{"line":32,"column":8},"end":{"line":32,"column":20}},"4":{"start":{"line":33,"column":8},"end":{"line":33,"column":20}},"5":{"start":{"line":34,"column":8},"end":{"line":34,"column":22}},"6":{"start":{"line":35,"column":8},"end":{"line":35,"column":27}},"7":{"start":{"line":36,"column":8},"end":{"line":36,"column":26}},"8":{"start":{"line":40,"column":8},"end":{"line":40,"column":15}},"9":{"start":{"line":46,"column":8},"end":{"line":46,"column":25}},"10":{"start":{"line":50,"column":8},"end":{"line":50,"column":49}},"11":{"start":{"line":54,"column":8},"end":{"line":54,"column":35}},"12":{"start":{"line":58,"column":8},"end":{"line":58,"column":37}},"13":{"start":{"line":59,"column":8},"end":{"line":59,"column":62}},"14":{"start":{"line":60,"column":8},"end":{"line":60,"column":46}},"15":{"start":{"line":61,"column":8},"end":{"line":61,"column":45}},"16":{"start":{"line":62,"column":8},"end":{"line":62,"column":19}},"17":{"start":{"line":66,"column":8},"end":{"line":66,"column":44}},"18":{"start":{"line":67,"column":8},"end":{"line":67,"column":50}},"19":{"start":{"line":68,"column":8},"end":{"line":68,"column":19}},"20":{"start":{"line":72,"column":8},"end":{"line":72,"column":50}},"21":{"start":{"line":73,"column":8},"end":{"line":73,"column":72}},"22":{"start":{"line":74,"column":8},"end":{"line":74,"column":46}},"23":{"start":{"line":75,"column":8},"end":{"line":75,"column":39}},"24":{"start":{"line":76,"column":8},"end":{"line":76,"column":19}},"25":{"start":{"line":80,"column":8},"end":{"line":80,"column":43}},"26":{"start":{"line":89,"column":8},"end":{"line":89,"column":51}},"27":{"start":{"line":90,"column":8},"end":{"line":90,"column":46}},"28":{"start":{"line":91,"column":8},"end":{"line":91,"column":44}},"29":{"start":{"line":92,"column":8},"end":{"line":92,"column":31}}},"branchMap":{"1":{"line":26,"type":"if","locations":[{"start":{"line":26,"column":8},"end":{"line":26,"column":8}},{"start":{"line":26,"column":8},"end":{"line":26,"column":8}}]},"2":{"line":58,"type":"if","locations":[{"start":{"line":58,"column":8},"end":{"line":58,"column":8}},{"start":{"line":58,"column":8},"end":{"line":58,"column":8}}]},"3":{"line":89,"type":"if","locations":[{"start":{"line":89,"column":8},"end":{"line":89,"column":8}},{"start":{"line":89,"column":8},"end":{"line":89,"column":8}}]}}}}